<?xml version="1.0" encoding="UTF-8"?>
<coverage generated="1669132594533" clover="3.2.0">
  <project timestamp="1669132594533" name="All files">
    <metrics statements="9" coveredstatements="7" conditionals="6" coveredconditionals="4" methods="1" coveredmethods="1" elements="16" coveredelements="12" complexity="0" loc="9" ncloc="9" packages="1" files="1" classes="1"/>
    <file name="createItem.js" path="/home/pedro/trybe/Exercicios/trybe.init/Fundamentos/JS-ES6-Testes unitarios/dia03/createItem.js">
      <metrics statements="9" coveredstatements="7" conditionals="6" coveredconditionals="4" methods="1" coveredmethods="1"/>
      <line num="1" count="1" type="stmt"/>
      <line num="2" count="3" type="cond" truecount="2" falsecount="0"/>
      <line num="3" count="1" type="stmt"/>
      <line num="5" count="2" type="cond" truecount="1" falsecount="1"/>
      <line num="6" count="0" type="stmt"/>
      <line num="8" count="2" type="cond" truecount="1" falsecount="1"/>
      <line num="9" count="0" type="stmt"/>
      <line num="11" count="2" type="stmt"/>
      <line num="20" count="1" type="stmt"/>
    </file>
  </project>
</coverage>
