<?xml version="1.0" encoding="UTF-8"?>
<coverage generated="1669141982644" clover="3.2.0">
  <project timestamp="1669141982644" name="All files">
    <metrics statements="34" coveredstatements="34" conditionals="20" coveredconditionals="20" methods="4" coveredmethods="4" elements="58" coveredelements="58" complexity="0" loc="34" ncloc="34" packages="1" files="4" classes="4"/>
    <file name="academia de logica.js" path="/home/pedro/trybe/Exercicios/trybe.init/Fundamentos/JS-ES6-Testes unitarios/dia03/academia de logica.js">
      <metrics statements="15" coveredstatements="15" conditionals="6" coveredconditionals="6" methods="1" coveredmethods="1"/>
      <line num="3" count="4" type="stmt"/>
      <line num="4" count="4" type="cond" truecount="2" falsecount="0"/>
      <line num="5" count="1" type="stmt"/>
      <line num="7" count="3" type="cond" truecount="2" falsecount="0"/>
      <line num="8" count="1" type="stmt"/>
      <line num="10" count="2" type="stmt"/>
      <line num="11" count="2" type="stmt"/>
      <line num="12" count="7" type="cond" truecount="2" falsecount="0"/>
      <line num="13" count="1" type="stmt"/>
      <line num="14" count="1" type="stmt"/>
      <line num="16" count="6" type="stmt"/>
      <line num="19" count="2" type="stmt"/>
      <line num="22" count="1" type="stmt"/>
      <line num="24" count="1" type="stmt"/>
      <line num="81" count="1" type="stmt"/>
    </file>
    <file name="createItem.js" path="/home/pedro/trybe/Exercicios/trybe.init/Fundamentos/JS-ES6-Testes unitarios/dia03/createItem.js">
      <metrics statements="9" coveredstatements="9" conditionals="6" coveredconditionals="6" methods="1" coveredmethods="1"/>
      <line num="1" count="1" type="stmt"/>
      <line num="2" count="6" type="cond" truecount="2" falsecount="0"/>
      <line num="3" count="1" type="stmt"/>
      <line num="5" count="5" type="cond" truecount="2" falsecount="0"/>
      <line num="6" count="2" type="stmt"/>
      <line num="8" count="3" type="cond" truecount="2" falsecount="0"/>
      <line num="9" count="1" type="stmt"/>
      <line num="11" count="3" type="stmt"/>
      <line num="20" count="1" type="stmt"/>
    </file>
    <file name="exercicio2.js" path="/home/pedro/trybe/Exercicios/trybe.init/Fundamentos/JS-ES6-Testes unitarios/dia03/exercicio2.js">
      <metrics statements="6" coveredstatements="6" conditionals="4" coveredconditionals="4" methods="1" coveredmethods="1"/>
      <line num="2" count="1" type="stmt"/>
      <line num="8" count="1" type="stmt"/>
      <line num="9" count="4" type="cond" truecount="4" falsecount="0"/>
      <line num="10" count="1" type="stmt"/>
      <line num="12" count="3" type="stmt"/>
      <line num="15" count="1" type="stmt"/>
    </file>
    <file name="sum.js" path="/home/pedro/trybe/Exercicios/trybe.init/Fundamentos/JS-ES6-Testes unitarios/dia03/sum.js">
      <metrics statements="4" coveredstatements="4" conditionals="4" coveredconditionals="4" methods="1" coveredmethods="1"/>
      <line num="2" count="4" type="cond" truecount="4" falsecount="0"/>
      <line num="3" count="2" type="stmt"/>
      <line num="6" count="2" type="stmt"/>
      <line num="9" count="1" type="stmt"/>
    </file>
  </project>
</coverage>
