TN:
SF:academia de logica.js
FN:2,verificaArray
FNF:1
FNH:1
FNDA:4,verificaArray
DA:3,4
DA:4,4
DA:5,1
DA:7,3
DA:8,1
DA:10,2
DA:11,2
DA:12,7
DA:13,1
DA:14,1
DA:16,6
DA:19,2
DA:22,1
DA:24,1
DA:81,1
LF:15
LH:15
BRDA:4,0,0,1
BRDA:4,0,1,3
BRDA:7,1,0,1
BRDA:7,1,1,2
BRDA:12,2,0,1
BRDA:12,2,1,6
BRF:6
BRH:6
end_of_record
TN:
SF:createItem.js
FN:1,(anonymous_0)
FNF:1
FNH:1
FNDA:6,(anonymous_0)
DA:1,1
DA:2,6
DA:3,1
DA:5,5
DA:6,2
DA:8,3
DA:9,1
DA:11,3
DA:20,1
LF:9
LH:9
BRDA:2,0,0,1
BRDA:2,0,1,5
BRDA:5,1,0,2
BRDA:5,1,1,3
BRDA:8,2,0,1
BRDA:8,2,1,2
BRF:6
BRH:6
end_of_record
TN:
SF:exercicio2.js
FN:8,(anonymous_0)
FNF:1
FNH:1
FNDA:3,(anonymous_0)
DA:2,1
DA:8,1
DA:9,3
DA:13,1
LF:4
LH:4
BRF:0
BRH:0
end_of_record
TN:
SF:sum.js
FN:1,sum
FNF:1
FNH:1
FNDA:4,sum
DA:2,4
DA:3,2
DA:6,2
DA:9,1
LF:4
LH:4
BRDA:2,0,0,2
BRDA:2,0,1,2
BRDA:2,1,0,4
BRDA:2,1,1,4
BRF:4
BRH:4
end_of_record
